<?xml version="1.0" encoding="UTF-8"?>
<!-- Generated by org.testng.reporters.JUnitReportReporter -->
<testsuite hostname="nitiraj" failures="0" tests="27" name="runner.apparelaccessoriesrunner" time="334.600" errors="0" timestamp="2024-09-02T00:02:38 IST" skipped="0">
  <testcase classname="runner.apparelaccessoriesrunner" name="runScenario" time="8.106"/>
  <testcase classname="runner.apparelaccessoriesrunner" name="runScenario" time="7.791"/>
  <testcase classname="runner.apparelaccessoriesrunner" name="runScenario" time="5.989"/>
  <testcase classname="runner.apparelaccessoriesrunner" name="runScenario" time="8.876"/>
  <testcase classname="runner.apparelaccessoriesrunner" name="runScenario" time="8.428"/>
  <testcase classname="runner.apparelaccessoriesrunner" name="runScenario" time="10.639"/>
  <testcase classname="runner.apparelaccessoriesrunner" name="runScenario" time="16.862"/>
  <testcase classname="runner.apparelaccessoriesrunner" name="runScenario" time="18.621"/>
  <testcase classname="runner.apparelaccessoriesrunner" name="runScenario" time="10.162"/>
  <testcase classname="runner.apparelaccessoriesrunner" name="runScenario" time="6.093"/>
  <testcase classname="runner.apparelaccessoriesrunner" name="runScenario" time="8.320"/>
  <testcase classname="runner.apparelaccessoriesrunner" name="runScenario" time="18.454"/>
  <testcase classname="runner.apparelaccessoriesrunner" name="runScenario" time="9.038"/>
  <testcase classname="runner.apparelaccessoriesrunner" name="runScenario" time="21.467"/>
  <testcase classname="runner.apparelaccessoriesrunner" name="runScenario" time="26.410"/>
  <testcase classname="runner.apparelaccessoriesrunner" name="runScenario" time="9.089"/>
  <testcase classname="runner.apparelaccessoriesrunner" name="runScenario" time="16.435"/>
  <testcase classname="runner.apparelaccessoriesrunner" name="runScenario" time="4.918"/>
  <testcase classname="runner.apparelaccessoriesrunner" name="runScenario" time="26.578"/>
  <testcase classname="runner.apparelaccessoriesrunner" name="runScenario" time="11.669"/>
  <testcase classname="runner.apparelaccessoriesrunner" name="runScenario" time="8.547"/>
  <testcase classname="runner.apparelaccessoriesrunner" name="runScenario" time="5.792"/>
  <testcase classname="runner.apparelaccessoriesrunner" name="runScenario" time="11.305"/>
  <testcase classname="runner.apparelaccessoriesrunner" name="runScenario" time="13.154"/>
  <testcase classname="runner.apparelaccessoriesrunner" name="runScenario" time="16.914"/>
  <testcase classname="runner.apparelaccessoriesrunner" name="runScenario" time="15.970"/>
  <testcase classname="runner.apparelaccessoriesrunner" name="runScenario" time="8.973"/>
</testsuite> <!-- runner.apparelaccessoriesrunner -->
