<?xml version="1.0" encoding="UTF-8"?>
<!-- Generated by org.testng.reporters.JUnitReportReporter -->
<testsuite hostname="nitiraj" failures="0" tests="10" name="runner.runner3" time="85.847" errors="0" timestamp="2024-09-01T01:16:21 IST" skipped="0">
  <testcase classname="runner.runner3" name="runScenario" time="8.723"/>
  <testcase classname="runner.runner3" name="runScenario" time="10.218"/>
  <testcase classname="runner.runner3" name="runScenario" time="5.570"/>
  <testcase classname="runner.runner3" name="runScenario" time="4.946"/>
  <testcase classname="runner.runner3" name="runScenario" time="13.792"/>
  <testcase classname="runner.runner3" name="runScenario" time="5.814"/>
  <testcase classname="runner.runner3" name="runScenario" time="7.087"/>
  <testcase classname="runner.runner3" name="runScenario" time="11.928"/>
  <testcase classname="runner.runner3" name="runScenario" time="7.935"/>
  <testcase classname="runner.runner3" name="runScenario" time="9.834"/>
</testsuite> <!-- runner.runner3 -->
